<?xml version="1.0" encoding="UTF-8"?>
<testsuite name="ru.spbau.karlina.ttt.store.DataStoreTest" tests="10" skipped="0" failures="0" errors="0" timestamp="2018-03-24T12:10:19" hostname="liuba-Vostro-5480" time="0.02">
  <properties/>
  <testcase name="getGameCountInitial" classname="ru.spbau.karlina.ttt.store.DataStoreTest" time="0.004"/>
  <testcase name="getCrossWinsAfterRecording" classname="ru.spbau.karlina.ttt.store.DataStoreTest" time="0.002"/>
  <testcase name="getNotFinishedAfterRecording" classname="ru.spbau.karlina.ttt.store.DataStoreTest" time="0.0"/>
  <testcase name="getNotFinishedInitial" classname="ru.spbau.karlina.ttt.store.DataStoreTest" time="0.0"/>
  <testcase name="getNaughtWinsAfterRecording" classname="ru.spbau.karlina.ttt.store.DataStoreTest" time="0.002"/>
  <testcase name="getNaughtWinsInitial" classname="ru.spbau.karlina.ttt.store.DataStoreTest" time="0.001"/>
  <testcase name="getDrawCountAfterRecording" classname="ru.spbau.karlina.ttt.store.DataStoreTest" time="0.0"/>
  <testcase name="getGameCountAfterRecording" classname="ru.spbau.karlina.ttt.store.DataStoreTest" time="0.0"/>
  <testcase name="getDrawCountInitial" classname="ru.spbau.karlina.ttt.store.DataStoreTest" time="0.0"/>
  <testcase name="getCrossWinsInitial" classname="ru.spbau.karlina.ttt.store.DataStoreTest" time="0.0"/>
  <system-out><![CDATA[]]></system-out>
  <system-err><![CDATA[]]></system-err>
</testsuite>
