<?xml version="1.0" encoding="UTF-8"?>
<testsuite name="ru.spbau.karlina.ttt.logic.bot.HardBotTest" tests="8" skipped="0" failures="0" errors="0" timestamp="2018-03-24T12:10:19" hostname="liuba-Vostro-5480" time="0.022">
  <properties/>
  <testcase name="makeCertainMoveInARowToWin" classname="ru.spbau.karlina.ttt.logic.bot.HardBotTest" time="0.007"/>
  <testcase name="makeMoveOnAlmostFilledGreed" classname="ru.spbau.karlina.ttt.logic.bot.HardBotTest" time="0.001"/>
  <testcase name="makeCertainMoveInADiagonalNotToLose" classname="ru.spbau.karlina.ttt.logic.bot.HardBotTest" time="0.001"/>
  <testcase name="makeMoveOnEmptyGreed" classname="ru.spbau.karlina.ttt.logic.bot.HardBotTest" time="0.001"/>
  <testcase name="makeCertainMoveInARowNotToLose" classname="ru.spbau.karlina.ttt.logic.bot.HardBotTest" time="0.001"/>
  <testcase name="makeCertainMoveInAColumnNotToLose" classname="ru.spbau.karlina.ttt.logic.bot.HardBotTest" time="0.002"/>
  <testcase name="makeCertainMoveInAColumnToWin" classname="ru.spbau.karlina.ttt.logic.bot.HardBotTest" time="0.001"/>
  <testcase name="makeCertainMoveInADiagonalToWin" classname="ru.spbau.karlina.ttt.logic.bot.HardBotTest" time="0.001"/>
  <system-out><![CDATA[]]></system-out>
  <system-err><![CDATA[]]></system-err>
</testsuite>
