<?xml version="1.0" encoding="UTF-8"?>
<testsuite name="ru.spbau.karlina.ttt.logic.ModelTest" tests="11" skipped="0" failures="0" errors="0" timestamp="2018-03-24T12:10:19" hostname="liuba-Vostro-5480" time="0.022">
  <properties/>
  <testcase name="drawGameStatusTest" classname="ru.spbau.karlina.ttt.logic.ModelTest" time="0.002"/>
  <testcase name="setSecondMoveAndCheckIsCellEmpty" classname="ru.spbau.karlina.ttt.logic.ModelTest" time="0.012"/>
  <testcase name="checkInitialGameStatus" classname="ru.spbau.karlina.ttt.logic.ModelTest" time="0.0"/>
  <testcase name="setSecondMoveAndCheckCellType" classname="ru.spbau.karlina.ttt.logic.ModelTest" time="0.001"/>
  <testcase name="threeInRowGameStatusTest" classname="ru.spbau.karlina.ttt.logic.ModelTest" time="0.001"/>
  <testcase name="threeInColumnGameStatusTest" classname="ru.spbau.karlina.ttt.logic.ModelTest" time="0.0"/>
  <testcase name="threeInDiagonalGameStatusTest" classname="ru.spbau.karlina.ttt.logic.ModelTest" time="0.0"/>
  <testcase name="setRandomMarkAndMakeEmpty" classname="ru.spbau.karlina.ttt.logic.ModelTest" time="0.0"/>
  <testcase name="setFirstMoveAndCheckCellType" classname="ru.spbau.karlina.ttt.logic.ModelTest" time="0.0"/>
  <testcase name="setFirstMoveAndCheckIsCellEmpty" classname="ru.spbau.karlina.ttt.logic.ModelTest" time="0.0"/>
  <testcase name="checkInitialAllCellsType" classname="ru.spbau.karlina.ttt.logic.ModelTest" time="0.0"/>
  <system-out><![CDATA[]]></system-out>
  <system-err><![CDATA[]]></system-err>
</testsuite>
